<?xml version="1.0" encoding="UTF-8"?>
<!-- Generated by org.testng.reporters.JUnitReportReporter -->
<testsuite skipped="0" hostname="INCHCMLP03299" name="org.web.automation.testcases.TC_002_DataProvider" tests="3" failures="0" timestamp="2020-08-20T21:03:21 IST" time="55.309" errors="0">
  <testcase name="tc_002" time="17.243" classname="org.web.automation.testcases.TC_002_DataProvider"/>
  <system-out/>
  <testcase name="tc_002" time="22.940" classname="org.web.automation.testcases.TC_002_DataProvider"/>
  <system-out/>
  <testcase name="tc_002" time="15.126" classname="org.web.automation.testcases.TC_002_DataProvider"/>
  <system-out/>
</testsuite> <!-- org.web.automation.testcases.TC_002_DataProvider -->
